# JRE version: OpenJDK Runtime Environment Zulu15.29+15-CA (15.0.2+7) (build 15.0.2+7)
# Java VM: OpenJDK 64-Bit Server VM Zulu15.29+15-CA (15.0.2+7, mixed mode, tiered, compressed oops, g1 gc, bsd-aarch64)
GC Precious Log:
 CPUs: 8 total, 8 available
 Memory: 8192M
 Large Page Support: Disabled
 NUMA Support: Disabled
 Compressed Oops: Enabled (Zero based)
 Heap Region Size: 1M
 Heap Min Capacity: 8M
 Heap Initial Capacity: 128M
 Heap Max Capacity: 512M
 Pre-touch: Disabled
 Parallel Workers: 8
 Concurrent Workers: 2
 Concurrent Refinement Workers: 8
 Periodic GC: Disabled
Heap:
 garbage-first heap   total 179200K, used 85262K [0x00000007a0000000, 0x00000007c0000000)
  region size 1024K, 63 young (64512K), 1 survivors (1024K)
 Metaspace       used 57036K, capacity 57641K, committed 57904K, reserved 1099776K
  class space    used 7176K, capacity 7377K, committed 7472K, reserved 1048576K
GC Heap History (20 events):
Event: 1.388 GC heap before
{Heap before GC invocations=23 (full 0):
 garbage-first heap   total 269312K, used 223200K [0x00000007a0000000, 0x00000007c0000000)
  region size 1024K, 135 young (138240K), 8 survivors (8192K)
 Metaspace       used 15222K, capacity 15498K, committed 15744K, reserved 1062912K
  class space    used 1539K, capacity 1637K, committed 1664K, reserved 1048576K
}
Event: 1.395 GC heap after
{Heap after GC invocations=24 (full 0):
 garbage-first heap   total 269312K, used 100229K [0x00000007a0000000, 0x00000007c0000000)
  region size 1024K, 14 young (14336K), 14 survivors (14336K)
 Metaspace       used 15222K, capacity 15498K, committed 15744K, reserved 1062912K
  class space    used 1539K, capacity 1637K, committed 1664K, reserved 1048576K
}
Event: 1.485 GC heap before
{Heap before GC invocations=24 (full 0):
 garbage-first heap   total 269312K, used 223109K [0x00000007a0000000, 0x00000007c0000000)
  region size 1024K, 135 young (138240K), 14 survivors (14336K)
 Metaspace       used 15223K, capacity 15498K, committed 15744K, reserved 1062912K
  class space    used 1539K, capacity 1637K, committed 1664K, reserved 1048576K
}
Event: 1.492 GC heap after
{Heap after GC invocations=25 (full 0):
 garbage-first heap   total 269312K, used 104571K [0x00000007a0000000, 0x00000007c0000000)
  region size 1024K, 11 young (11264K), 11 survivors (11264K)
 Metaspace       used 15223K, capacity 15498K, committed 15744K, reserved 1062912K
  class space    used 1539K, capacity 1637K, committed 1664K, reserved 1048576K
}
Event: 1.734 GC heap before
{Heap before GC invocations=25 (full 0):
 garbage-first heap   total 269312K, used 225403K [0x00000007a0000000, 0x00000007c0000000)
  region size 1024K, 129 young (132096K), 11 survivors (11264K)
 Metaspace       used 20875K, capacity 21215K, committed 21248K, reserved 1069056K
  class space    used 2174K, capacity 2284K, committed 2304K, reserved 1048576K
}
Event: 1.745 GC heap after
{Heap after GC invocations=26 (full 0):
 garbage-first heap   total 269312K, used 117009K [0x00000007a0000000, 0x00000007c0000000)
  region size 1024K, 17 young (17408K), 17 survivors (17408K)
 Metaspace       used 20875K, capacity 21215K, committed 21248K, reserved 1069056K
  class space    used 2174K, capacity 2284K, committed 2304K, reserved 1048576K
}
Event: 2.300 GC heap before
{Heap before GC invocations=27 (full 0):
 garbage-first heap   total 269312K, used 196881K [0x00000007a0000000, 0x00000007c0000000)
  region size 1024K, 101 young (103424K), 17 survivors (17408K)
 Metaspace       used 35933K, capacity 36503K, committed 36720K, reserved 1081344K
  class space    used 4150K, capacity 4317K, committed 4336K, reserved 1048576K
}
Event: 2.309 GC heap after
{Heap after GC invocations=28 (full 0):
 garbage-first heap   total 320512K, used 119976K [0x00000007a0000000, 0x00000007c0000000)
  region size 1024K, 8 young (8192K), 8 survivors (8192K)
 Metaspace       used 35933K, capacity 36503K, committed 36720K, reserved 1081344K
  class space    used 4150K, capacity 4317K, committed 4336K, reserved 1048576K
}
Event: 2.319 GC heap before
{Heap before GC invocations=28 (full 0):
 garbage-first heap   total 320512K, used 121000K [0x00000007a0000000, 0x00000007c0000000)
  region size 1024K, 10 young (10240K), 8 survivors (8192K)
 Metaspace       used 36276K, capacity 36826K, committed 37040K, reserved 1081344K
  class space    used 4197K, capacity 4382K, committed 4400K, reserved 1048576K
}
Event: 2.323 GC heap after
{Heap after GC invocations=29 (full 0):
 garbage-first heap   total 320512K, used 92111K [0x00000007a0000000, 0x00000007c0000000)
  region size 1024K, 2 young (2048K), 2 survivors (2048K)
 Metaspace       used 36276K, capacity 36826K, committed 37040K, reserved 1081344K
  class space    used 4197K, capacity 4382K, committed 4400K, reserved 1048576K
}
Event: 2.330 GC heap before
{Heap before GC invocations=29 (full 0):
 garbage-first heap   total 320512K, used 92111K [0x00000007a0000000, 0x00000007c0000000)
  region size 1024K, 4 young (4096K), 2 survivors (2048K)
 Metaspace       used 36542K, capacity 37018K, committed 37040K, reserved 1081344K
  class space    used 4226K, capacity 4382K, committed 4400K, reserved 1048576K
}
Event: 2.336 GC heap after
{Heap after GC invocations=30 (full 0):
 garbage-first heap   total 320512K, used 72901K [0x00000007a0000000, 0x00000007c0000000)
  region size 1024K, 1 young (1024K), 1 survivors (1024K)
 Metaspace       used 36542K, capacity 37018K, committed 37040K, reserved 1081344K
  class space    used 4226K, capacity 4382K, committed 4400K, reserved 1048576K
}
Event: 2.341 GC heap before
{Heap before GC invocations=30 (full 0):
 garbage-first heap   total 320512K, used 74949K [0x00000007a0000000, 0x00000007c0000000)
  region size 1024K, 4 young (4096K), 1 survivors (1024K)
 Metaspace       used 36824K, capacity 37306K, committed 37424K, reserved 1083392K
  class space    used 4252K, capacity 4414K, committed 4528K, reserved 1048576K
}
Event: 2.344 GC heap after
{Heap after GC invocations=31 (full 0):
 garbage-first heap   total 320512K, used 72743K [0x00000007a0000000, 0x00000007c0000000)
  region size 1024K, 1 young (1024K), 1 survivors (1024K)
 Metaspace       used 36824K, capacity 37306K, committed 37424K, reserved 1083392K
  class space    used 4252K, capacity 4414K, committed 4528K, reserved 1048576K
}
Event: 3.138 GC heap before
{Heap before GC invocations=32 (full 0):
 garbage-first heap   total 174080K, used 172310K [0x00000007a0000000, 0x00000007c0000000)
  region size 1024K, 122 young (124928K), 1 survivors (1024K)
 Metaspace       used 51772K, capacity 52331K, committed 52528K, reserved 1095680K
  class space    used 6503K, capacity 6681K, committed 6704K, reserved 1048576K
}
Event: 3.141 GC heap after
{Heap after GC invocations=33 (full 0):
 garbage-first heap   total 179200K, used 53824K [0x00000007a0000000, 0x00000007c0000000)
  region size 1024K, 5 young (5120K), 5 survivors (5120K)
 Metaspace       used 51772K, capacity 52331K, committed 52528K, reserved 1095680K
  class space    used 6503K, capacity 6681K, committed 6704K, reserved 1048576K
}
Event: 3.152 GC heap before
{Heap before GC invocations=33 (full 0):
 garbage-first heap   total 179200K, used 56896K [0x00000007a0000000, 0x00000007c0000000)
  region size 1024K, 8 young (8192K), 5 survivors (5120K)
 Metaspace       used 52024K, capacity 52587K, committed 52912K, reserved 1095680K
  class space    used 6538K, capacity 6745K, committed 6832K, reserved 1048576K
}
Event: 3.155 GC heap after
{Heap after GC invocations=34 (full 0):
 garbage-first heap   total 179200K, used 35856K [0x00000007a0000000, 0x00000007c0000000)
  region size 1024K, 1 young (1024K), 1 survivors (1024K)
 Metaspace       used 52024K, capacity 52587K, committed 52912K, reserved 1095680K
  class space    used 6538K, capacity 6745K, committed 6832K, reserved 1048576K
}
Event: 3.183 GC heap before
{Heap before GC invocations=34 (full 0):
 garbage-first heap   total 179200K, used 43024K [0x00000007a0000000, 0x00000007c0000000)
  region size 1024K, 8 young (8192K), 1 survivors (1024K)
 Metaspace       used 52675K, capacity 53294K, committed 53424K, reserved 1095680K
  class space    used 6626K, capacity 6810K, committed 6832K, reserved 1048576K
}
Event: 3.187 GC heap after
{Heap after GC invocations=35 (full 0):
 garbage-first heap   total 179200K, used 22798K [0x00000007a0000000, 0x00000007c0000000)
  region size 1024K, 1 young (1024K), 1 survivors (1024K)
 Metaspace       used 52675K, capacity 53294K, committed 53424K, reserved 1095680K
  class space    used 6626K, capacity 6810K, committed 6832K, reserved 1048576K
}

